make.exe all --print-data-base --no-builtin-variables --no-builtin-rules --question
# GNU Make 3.81
# Copyright (C) 2006  Free Software Foundation, Inc.
# This is free software; see the source for copying conditions.
# There is NO warranty; not even for MERCHANTABILITY or FITNESS FOR A
# PARTICULAR PURPOSE.

# This program built for i386-pc-mingw32
 

# Make data base, printed on Tue Jul 06 06:29:20 2021

# Variables

# automatic
<D = $(patsubst %/,%,$(dir $<))
# automatic
?F = $(notdir $?)
# makefile
MAKEFLAGS = Rrqp
# environment
VSCODE_LOG_NATIVE = false
# automatic
?D = $(patsubst %/,%,$(dir $?))
# automatic
@D = $(patsubst %/,%,$(dir $@))
# environment
HOMEDRIVE = C:
# automatic
@F = $(notdir $@)
# automatic
^D = $(patsubst %/,%,$(dir $^))
# makefile
CURDIR := c:/Users/Andrew/VSCodeProjects/Go/proglog
# default
SHELL := sh.exe
# environment
WINDIR  
= C:\WINDOWS
# environment
VSCODE_NLS_CONFIG = {"locale":"en-gb","availableLanguages":{},"_languagePackSupport":true}
# environment
ONEDRIVE = C:\Users\Andrew\OneDrive
# environment
PATHEXT = .COM;.EXE;.BAT;.CMD;.VBS;.VBE;.JS;.JSE;.WSF;.WSH;.MSC
# makefile (from `makefile', line 1)
MAKEFILE_LIST :=  makefile
# environment
FPS_BROWSER_USER_PROFILE_STRING = Default
# environment
VSCODE_NODE_CACHED_DATA_DIR = C:\Users\Andrew\AppData\Roaming\Code\CachedData\507ce72a4466fbb27b715c3722558bb15afa9f48
# environment 

TMP = C:\Users\Andrew\AppData\Local\Temp
# environment
GYP_MSVS_VERSION = 2015
# environment
VSCODE_VERBOSE_LOGGING = true
# environment
PROGRAMW6432 = C:\Program Files
# environment
PROGRAMDATA = C:\ProgramData
# environment
VSCODE_IPC_HOOK_EXTHOST = \\.\pipe\vscode-ipc-5bd03ee5-204d-48cd-a390-2bab6d5a3248-sock
# environment
VSCODE_CWD = C:\Program Files\Microsoft VS Code
# environment
PATH = C:\Program Files (x86)\Common Files\Oracle\Java\javapath;C:\Python34\Lib\site-packages\PyQt4;C:\WINDOWS\system32;C:\WINDOWS;C:\WINDOWS\System32\Wbem;C:\WINDOWS\System32\WindowsPowerShell\v1.0\;C:\Program Files\Microsoft VS Code\bin;C:\wamp64\bin\php\php7.3.5;C:\composer;C:\WINDOWS\System32\OpenSSH\;C:\Program Files\TortoiseHg\;C:\Program Files (x86)\Yarn\bin\;C:\Program Files (x86)\Graphviz2.38\bin;C:\Program Files\Intel\WiFi\bin\;C:\Program Files\Common Files\Intel\WirelessCommon\;C:\Program Files (x86)\Intel\Intel(R) Management Engine Components\DAL;C:\Program Files\Intel\Intel(R) Management Engine Components\DAL;C:\Program Files\Java\jdk-13\bin;C:\javafx-sdk-13\lib;C:\Program Files\heroku\bin;C:\Program Files\nodejs\;C:\Users\Andrew\AppData\Local\Programs\Python\Python38\;C:\Go\bin;C:\protoc-3.15.6-win64\bin;C:\Users\Andrew\AppData\Local\Programs\Python\Python37\Scripts\;C:\Users\Andrew\AppData\Local\Programs\Python\Python37\;C:\Users\Andrew\AppData\Local\Programs\Python\Python38\Scripts\;C:\Users\Andrew\AppData\Local\Programs\Python\Python38\;C:\Users\Andrew\.windows-build-tools\python27\;C:\Program Files\nodejs\node_modules\npm\node_modules\npm-lifecycle\node-gyp-bin;C:\Users\Andrew\AppData\Roaming\npm\node_modules\windows-build-tools\node_modules\.bin;C:\Users\Andrew\AppData\Roaming\npm\node_modules\.bin;C:\WINDOWS\system32;C:\WINDOWS;C:\WINDOWS\System32\Wbem;C:\WINDOWS\System32\WindowsPowerShell\v1.0\;C:\Program Files\Microsoft VS Code\bin;C:\wamp64\bin\php\php7.3.9;C:\Program Files\nodejs\;C:\composer;C:\WINDOWS\System32\OpenSSH\;C:\Program Files\TortoiseHg\;C:\Program Files (x86)\Yarn\bin\;C:\Users\Andrew\AppData\Local\Microsoft\WindowsApps;C:\Users\Andrew\AppData\Roaming\Composer\vendor\bin;C:\Python27;C:\Python27\Scripts;C:\Scriptor\;C:\Users\Andrew\AppData\Local\Yarn\bin;C:;C:\Users\Andrew\AppData\Local\hyper\app-3.0.0\resources\bin;C:\Program Files\Intel\WiFi\bin\;C:\Program Files\Common Files\Intel\WirelessCommon\;C:\Program Files\Java\jdk-13\bin;C:\javafx-sdk-13\lib;C:\Users\Andrew\AppData\Roaming\npm;C:\Users\Andrew\AppData\Local\Microsoft\WindowsApps;C:\Users\Andrew\go\bin;C:\xampp\php;C:\Program Files (x86)\GnuWin32\bin;
# environment
COMMONPROGRAMW6432 = C:\Program Files\Common Files
# environment
PROCESSOR_ARCHITECTURE = x86
# environment
USERPROFILE = C:\Users\Andrew
# environment
ALLUSERSPROFILE = C:\ProgramData
# environment
GOPATH = C:\Users\Andrew\go
# makefile (from `makefile', line 1)
CONFIG_PATH = ${HOME}/.proglog/
# environment
VSCODE_LOG_STACK = false
# environment
NUMBER_OF_PROCESSORS = 4
# environment
ELECTRON_RUN_AS_NODE = 1
# default
.FEATURES := target-specific order-only second-expansion else-if archives
# automatic
%F = $(notdir $%)
# environment
CHROME_CRASHPAD_PIPE_NAME = \\.\pipe\crashpad_8788_HQLNZZPEGKQCTQIN
# environment
VSCODE_PIPE_LOGGING = true
# environment
COMPUTERNAME = DESKTOP-SIKNOQK
# environment
PROGRAMFILES = C:\Program Files (x86)
# environment
DRIVERDATA = C:\Windows\System32\Drivers\DriverData
# environment
ORIGINAL_XDG_CURRENT_DESKTOP = undefined
# environment
USERNAME = Andrew
# environment
PUBLIC = C:\Users\Public
# environment
VSCODE_AMD_ENTRYPOINT = vs/workbench/services/extensions/node/extensionHostProcess
# environment
APPLICATION_INSIGHTS_NO_DIAGNOSTIC_CHANNEL = true
# environment
COMMONPROGRAMFILES = C:\Program Files (x86)\Common Files
# environment
LOGONSERVER = \\DESKTOP-SIKNOQK
# environment
VSCODE_HANDLES_UNCAUGHT_ERRORS = true
# environment
USERDOMAIN = DESKTOP-SIKNOQK
# default
MAKE = $(MAKE_COMMAND)
# default
MAKECMDGOALS := all
# environment
JAVA_HOME = C:\Program Files\Java\jdk-13\bin
# default
MAKE_VERSION := 3.81
# makefile
.DEFAULT_GOAL := init
# environment
PROGRAMFILES(X86) = C:\Program Files (x86)
# automatic
%D = $(patsubst %/,%,$(dir $%))
# environment
LOCALAPPDATA = C:\Users\Andrew\AppData\Local
# environment
PSMODULEPATH = C:\Program Files\WindowsPowerShell\Modules;C:\WINDOWS\system32\WindowsPowerShell\v1.0\Modules
# default
MAKE_COMMAND := make.exe
# environment
PROCESSOR_ARCHITEW6432 = AMD64
# default
.VARIABLES := 
# automatic
*F = $(notdir $*)
# environment
NODE_PATH = C:\Users\Andrew\AppData\Local\Yarn\bin
# environment
PROCESSOR_IDENTIFIER = Intel64 Family 6 Model 61 Stepping 4, GenuineIntel
# environment
OS = Windows_NT
# environment
VSCODE_IPC_HOOK = \\.\pipe\6d9d2e64fd29004ee2f3bbf642b87f23-1.57.1-main-sock
# environment
HOMEPATH = \Users\Andrew
# environment
COMMONPROGRAMFILES(X86) = C:\Program Files (x86)\Common Files
# environment
PROMPT = $P$G
# environment
MFLAGS = -Rrqp
# automatic
*D = $(patsubst %/,%,$(dir $*))
# environment
SYSTEMROOT = C:\WINDOWS
# automatic
+D = $(patsubst %/,%,$(dir $+))
# automatic
+F = $(notdir $+)
# environment
APPDATA = C:\Users\Andrew\AppData\Roaming
# environment
TEMP = C:\Users\Andrew\AppData\Local\Temp
# environment
COMSPEC = C:\WINDOWS\system32\cmd.exe
# default
MAKEFILES := 
# automatic
<F = $(notdir $<)
# environment
LC_ALL = C
# automatic
^F = $(notdir $^)
# default
SUFFIXES := 
# environment
SYSTEMDRIVE = C:
# environment
SESSIONNAME = Console
# environment
PROCESSOR_REVISION = 3d04
# environment
VS140COMNTOOLS = C:\Program Files (x86)\Microsoft Visual Studio 14.0\Common7\Tools\
# environment
MAKELEVEL  
:= 0
# environment
LANG = C
# environment
PROCESSOR_LEVEL = 6
# environment
FPS_BROWSER_APP_PROFILE_STRING = Internet Explorer
# environment
VSCODE_PID = 8788
# environment
USERDOMAIN_ROAMINGPROFILE = DESKTOP-SIKNOQK
# variable set hash-table stats:
# Load=94/1024=9%, Rehash=0, Collisions=9/122=7%

# Pattern-specific Variable Values

# No pattern-specific variable values.

# Directories

# C:\xampp\php (key C:/xampp/php, mtime 1608214207): 64 files, no impossibilities.
# C:\Program Files\heroku\bin (key C:/ 
Program Files/heroku/bin, mtime 1568339365): 4 files, no impossibilities.
# C:\Users\Andrew\AppData\Roaming\npm (key C:/Users/Andrew/AppData/Roaming/npm, mtime 1570246881): 44 files, no impossibilities.
# C:\wamp64\bin\php\php7.3.5: could not be stat'd.
# C:\Users\Andrew\AppData\Roaming\Composer\vendor\bin (key C:/Users/Andrew/AppData/Roaming/Composer/vendor/bin, mtime 1574466048): 6 files, no impossibilities.
# C:\Python27\Scripts (key C:/Python27/Scripts, mtime 1553187319): 7 files, no impossibilities.
#  
C:\protoc-3.15.6-win64\bin (key C:/protoc-3.15.6-win64/bin, mtime 1616607372): 3 files, no impossibilities.
# C:\WINDOWS\System32\WindowsPowerShell\v1.0\ (key C:/WINDOWS/System32/WindowsPowerShell/v1.0/, mtime 1552995634): 30 files, no impossibilities.
# C:\composer (key C:/composer, mtime 1608215281): 5 files, no impossibilities.
# C:\WINDOWS\System32\Wbem (key C:/WINDOWS/System32/Wbem, mtime 1616714407): 172 files, no impossibilities.
# . (key c:/Users/Andrew/VSCodeProjects/Go/proglog, mtime 1618922498):  
12 files, no impossibilities.
# C:: could not be stat'd.
# C:\Users\Andrew\AppData\Local\Programs\Python\Python38\ (key C:/Users/Andrew/AppData/Local/Programs/Python/Python38/, mtime 1595820194): 18 files, no impossibilities.
# C:\Users\Andrew\AppData\Roaming\npm\node_modules\.bin: could not be stat'd.
# C:\Users\Andrew\AppData\Local\Microsoft\WindowsApps (key C:/Users/Andrew/AppData/Local/Microsoft/WindowsApps, mtime 1583110816): 4 files, no impossibilities.
# C:\Program Files\nodejs\ (key C:/Program Files 
/nodejs/, mtime 1574745883): 11 files, no impossibilities.
# C:\Users\Andrew\AppData\Local\Programs\Python\Python38\Scripts\ (key C:/Users/Andrew/AppData/Local/Programs/Python/Python38/Scripts/, mtime 1595827763): 19 files, no impossibilities.
# C:\wamp64\bin\php\php7.3.9: could not be stat'd.
# C:\Python34\Lib\site-packages\PyQt4 (key C:/Python34/Lib/site-packages/PyQt4, mtime 1555518290): 72 files, no impossibilities.
# C:\Users\Andrew\AppData\Local\Yarn\bin (key C:/Users/Andrew/AppData/Local/Yarn/bin, mt 
ime 1574744514): 6 files, no impossibilities.
# C:\Users\Andrew\go\bin (key C:/Users/Andrew/go/bin, mtime 1623297704): 24 files, no impossibilities.
# C:\WINDOWS\System32\OpenSSH\: could not be stat'd.
# C:\Program Files (x86)\Common Files\Oracle\Java\javapath (key C:/Program Files (x86)/Common Files/Oracle/Java/javapath, mtime 1571461722): 5 files, no impossibilities.
# C:\Program Files\Microsoft VS Code\bin (key C:/Program Files/Microsoft VS Code/bin, mtime 1624422038): 4 files, no impossibilities.
# C:\S 
criptor\ (key C:/Scriptor/, mtime 1554491983): 8 files, no impossibilities.
# C:\Program Files\Intel\Intel(R) Management Engine Components\DAL (key C:/Program Files/Intel/Intel(R) Management Engine Components/DAL, mtime 1569168751): 4 files, no impossibilities.
# C:\WINDOWS (key C:/WINDOWS, mtime 1625496298): 157 files, no impossibilities.
# C:\Users\Andrew\.windows-build-tools\python27\ (key C:/Users/Andrew/.windows-build-tools/python27/, mtime 1570542870): 5 files, no impossibilities.
# C:\Program Files\J 
ava\jdk-13\bin: could not be stat'd.
# C:\Program Files\Intel\WiFi\bin\ (key C:/Program Files/Intel/WiFi/bin/, mtime 1567953737): 32 files, no impossibilities.
# C:\Program Files\Common Files\Intel\WirelessCommon\ (key C:/Program Files/Common Files/Intel/WirelessCommon/, mtime 1567953736): 7 files, no impossibilities.
# C:\Program Files (x86)\Graphviz2.38\bin (key C:/Program Files (x86)/Graphviz2.38/bin, mtime 1566889750): 96 files, no impossibilities.
# C:\javafx-sdk-13\lib: could not be stat'd.
# C:\Users 
\Andrew\AppData\Local\Programs\Python\Python37\ (key C:/Users/Andrew/AppData/Local/Programs/Python/Python37/, mtime 1595829384): 17 files, no impossibilities.
# C:\Users\Andrew\AppData\Roaming\npm\node_modules\windows-build-tools\node_modules\.bin (key C:/Users/Andrew/AppData/Roaming/npm/node_modules/windows-build-tools/node_modules/.bin, mtime 1555353494): 18 files, no impossibilities.
# C:\Users\Andrew\AppData\Local\Programs\Python\Python37\Scripts\ (key C:/Users/Andrew/AppData/Local/Programs/Python/Pytho 
n37/Scripts/, mtime 1595829135): 7 files, no impossibilities.
# C:\Program Files\TortoiseHg\ (key C:/Program Files/TortoiseHg/, mtime 1553575898): 24 files, no impossibilities.
# C:\WINDOWS\system32 (key C:/WINDOWS/system32, mtime 1625496695): 3020 files, no impossibilities.
# C:\Program Files\nodejs\node_modules\npm\node_modules\npm-lifecycle\node-gyp-bin (key C:/Program Files/nodejs/node_modules/npm/node_modules/npm-lifecycle/node-gyp-bin, mtime 1574745880): 4 files, no impossibilities.
# C:\Python27 (key 
 C:/Python27, mtime 1570542903): 5 files, no impossibilities.
# C:\Go\bin (key C:/Go/bin, mtime 1600077892): 4 files, no impossibilities.
# C:\Program Files (x86)\Yarn\bin\ (key C:/Program Files (x86)/Yarn/bin/, mtime 1556991392): 7 files, no impossibilities.
# C:\Users\Andrew\AppData\Local\hyper\app-3.0.0\resources\bin: could not be stat'd.
# C:\Program Files (x86)\Intel\Intel(R) Management Engine Components\DAL (key C:/Program Files (x86)/Intel/Intel(R) Management Engine Components/DAL, mtime 1569168751): 
 7 files, no impossibilities.
# C:\Program Files (x86)\GnuWin32\bin (key C:/Program Files (x86)/GnuWin32/bin, mtime 1618923136): 7 files, no impossibilities.

# 3939 files, no impossibilities in 45 directories.

# Implicit Rules

# No implicit rules.

# Files

/.proglog//policy.csv:
#  Implicit rule search has not been done.
#  Modification time never checked.
#  File has not been updated.
#  commands to execute (from `makefile', line 39):
	cp test/policy.csv $(CONFIG_PATH)/policy.csv
	

# Not a target:
all 
:
#  Command-line target.
#  Implicit rule search has been done.
#  File does not exist.
#  File has not been updated.
# variable set hash-table stats:
# Load=0/32=0%, Rehash=0, Collisions=0/0=0%

.PHONY: init gencert test compile
#  Implicit rule search has not been done.
#  Modification time never checked.
#  File has not been updated.

# Not a target:
.DEFAULT:
#  Implicit rule search has not been done.
#  Modification time never checked.
#  File has not been updated.

test: /.proglog//policy.csv /.progl 
og//model.conf
#  Phony target (prerequisite of .PHONY).
#  Implicit rule search has not been done.
#  File does not exist.
#  File has not been updated.
#  commands to execute (from `makefile', line 43):
	go test -race ./...
	

# Not a target:
makefile:
#  Implicit rule search has been done.
#  Last modified 2021-04-20 17:16:47
#  File has been updated.
#  Successfully updated.
# variable set hash-table stats:
# Load=0/32=0%, Rehash=0, Collisions=0/0=0%

/.proglog//model.conf:
#  Implicit rule search has n 
ot been done.
#  Modification time never checked.
#  File has not been updated.
#  commands to execute (from `makefile', line 37):
	cp test/model.conf $(CONFIG_PATH)/model.conf
	

gencert:
#  Phony target (prerequisite of .PHONY).
#  Implicit rule search has not been done.
#  File does not exist.
#  File has not been updated.
#  commands to execute (from `makefile', line 8):
	cfssl gencert \
	-initca test/ca-csr.json | cfssljson -bare ca
	cfssl gencert \
	-ca=ca.pem \
	-ca-key=ca-key.pem \
	-config=test/ca- 
config.json \
	-profile=server \
	test/server-csr.json | cfssljson -bare server
	cfssl gencert \
	-ca=ca.pem \
	-ca-key=ca-key.pem \
	-config=test/ca-config.json \
	-profile=client \
	-cn="root" \
	test/client-csr.json | cfssljson -bare root-client
	cfssl gencert \
	-ca=ca.pem \
	-ca-key=ca-key.pem \
	-config=test/ca-config.json \
	-profile=client \
	-cn="nobody" \
	test/client-csr.json | cfssljson -bare nobody-client
	mv *.pem *.csr ${CONFIG_PATH}
	

# Not a target:
.SUFFIXES:
#  Implicit rule search has n 
ot been done.
#  Modification time never checked.
#  File has not been updated.

compile:
#  Phony target (prerequisite of .PHONY).
#  Implicit rule search has not been done.
#  File does not exist.
#  File has not been updated.
#  commands to execute (from `makefile', line 47):
	protoc api/v1/*.proto \
	--go_out=. \
	--go-grpc_out=. \
	--go_opt=paths=source_relative \
	--go-grpc_opt=paths=source_relative \
	--proto_path=.
	

init:
#  Phony target (prerequisite of .PHONY).
#  Implicit rule search has not be 
en done.
#  File does not exist.
#  File has not been updated.
#  commands to execute (from `makefile', line 5):
	mkdir -p ${CONFIG_PATH}
	

# files hash-table stats:
# Load=11/1024=1%, Rehash=0, Collisions=0/31=0%
# VPATH Search Paths

# No `vpath' search paths.

# No general (`VPATH' variable) search path.

# # of strings in strcache: 1
# # of strcache buffers: 1
# strcache size: total = 4096 / max = 4096 / min = 4096 / avg = 4096
# strcache free: total = 4087 / max = 4087 / min = 4087 / avg = 4087

# Fin 
make.exe: *** No rule to make target `all'.  Stop.
 
ished Make data base on Tue Jul 06 06:29:21 2021

 
